<?xml version="1.0" encoding="UTF-8"?>
<testsuite xmlns:xsi="http://www.w3.org/2001/XMLSchema-instance" xsi:noNamespaceSchemaLocation="https://maven.apache.org/surefire/maven-surefire-plugin/xsd/surefire-test-report.xsd" name="org.wdzl.ImBirdSysApplicationTests" time="4.901" tests="1" errors="0" skipped="0" failures="0">
  <properties>
    <property name="java.specification.version" value="13"/>
    <property name="sun.cpu.isalist" value="amd64"/>
    <property name="sun.jnu.encoding" value="GBK"/>
    <property name="java.class.path" value="F:\course\SpringBoot+Netty 仿微信全栈式打造高性能聊天应用\code\im_bird_sys\target\test-classes;F:\course\SpringBoot+Netty 仿微信全栈式打造高性能聊天应用\code\im_bird_sys\target\classes;d:\maven\repo\org\springframework\boot\spring-boot-starter-web\2.2.6.RELEASE\spring-boot-starter-web-2.2.6.RELEASE.jar;d:\maven\repo\org\springframework\boot\spring-boot-starter\2.2.6.RELEASE\spring-boot-starter-2.2.6.RELEASE.jar;d:\maven\repo\org\springframework\boot\spring-boot-starter-logging\2.2.6.RELEASE\spring-boot-starter-logging-2.2.6.RELEASE.jar;d:\maven\repo\org\apache\logging\log4j\log4j-to-slf4j\2.12.1\log4j-to-slf4j-2.12.1.jar;d:\maven\repo\org\apache\logging\log4j\log4j-api\2.12.1\log4j-api-2.12.1.jar;d:\maven\repo\org\slf4j\jul-to-slf4j\1.7.30\jul-to-slf4j-1.7.30.jar;d:\maven\repo\jakarta\annotation\jakarta.annotation-api\1.3.5\jakarta.annotation-api-1.3.5.jar;d:\maven\repo\org\yaml\snakeyaml\1.25\snakeyaml-1.25.jar;d:\maven\repo\org\springframework\boot\spring-boot-starter-json\2.2.6.RELEASE\spring-boot-starter-json-2.2.6.RELEASE.jar;d:\maven\repo\com\fasterxml\jackson\core\jackson-databind\2.10.3\jackson-databind-2.10.3.jar;d:\maven\repo\com\fasterxml\jackson\core\jackson-annotations\2.10.3\jackson-annotations-2.10.3.jar;d:\maven\repo\com\fasterxml\jackson\core\jackson-core\2.10.3\jackson-core-2.10.3.jar;d:\maven\repo\com\fasterxml\jackson\datatype\jackson-datatype-jdk8\2.10.3\jackson-datatype-jdk8-2.10.3.jar;d:\maven\repo\com\fasterxml\jackson\datatype\jackson-datatype-jsr310\2.10.3\jackson-datatype-jsr310-2.10.3.jar;d:\maven\repo\com\fasterxml\jackson\module\jackson-module-parameter-names\2.10.3\jackson-module-parameter-names-2.10.3.jar;d:\maven\repo\org\springframework\boot\spring-boot-starter-validation\2.2.6.RELEASE\spring-boot-starter-validation-2.2.6.RELEASE.jar;d:\maven\repo\jakarta\validation\jakarta.validation-api\2.0.2\jakarta.validation-api-2.0.2.jar;d:\maven\repo\org\springframework\spring-web\5.2.5.RELEASE\spring-web-5.2.5.RELEASE.jar;d:\maven\repo\org\springframework\spring-beans\5.2.5.RELEASE\spring-beans-5.2.5.RELEASE.jar;d:\maven\repo\org\springframework\spring-webmvc\5.2.5.RELEASE\spring-webmvc-5.2.5.RELEASE.jar;d:\maven\repo\org\springframework\spring-aop\5.2.5.RELEASE\spring-aop-5.2.5.RELEASE.jar;d:\maven\repo\org\springframework\spring-expression\5.2.5.RELEASE\spring-expression-5.2.5.RELEASE.jar;d:\maven\repo\org\mybatis\spring\boot\mybatis-spring-boot-starter\2.1.2\mybatis-spring-boot-starter-2.1.2.jar;d:\maven\repo\org\springframework\boot\spring-boot-starter-jdbc\2.2.6.RELEASE\spring-boot-starter-jdbc-2.2.6.RELEASE.jar;d:\maven\repo\com\zaxxer\HikariCP\3.4.2\HikariCP-3.4.2.jar;d:\maven\repo\org\springframework\spring-jdbc\5.2.5.RELEASE\spring-jdbc-5.2.5.RELEASE.jar;d:\maven\repo\org\springframework\spring-tx\5.2.5.RELEASE\spring-tx-5.2.5.RELEASE.jar;d:\maven\repo\org\mybatis\spring\boot\mybatis-spring-boot-autoconfigure\2.1.2\mybatis-spring-boot-autoconfigure-2.1.2.jar;d:\maven\repo\org\mybatis\mybatis\3.5.4\mybatis-3.5.4.jar;d:\maven\repo\org\mybatis\mybatis-spring\2.0.4\mybatis-spring-2.0.4.jar;d:\maven\repo\mysql\mysql-connector-java\8.0.19\mysql-connector-java-8.0.19.jar;d:\maven\repo\com\alibaba\druid\1.1.21\druid-1.1.21.jar;d:\maven\repo\org\springframework\boot\spring-boot-devtools\2.2.6.RELEASE\spring-boot-devtools-2.2.6.RELEASE.jar;d:\maven\repo\org\springframework\boot\spring-boot\2.2.6.RELEASE\spring-boot-2.2.6.RELEASE.jar;d:\maven\repo\org\springframework\boot\spring-boot-autoconfigure\2.2.6.RELEASE\spring-boot-autoconfigure-2.2.6.RELEASE.jar;d:\maven\repo\javax\servlet\javax.servlet-api\4.0.1\javax.servlet-api-4.0.1.jar;d:\maven\repo\javax\servlet\jstl\1.2\jstl-1.2.jar;d:\maven\repo\org\apache\tomcat\embed\tomcat-embed-jasper\9.0.33\tomcat-embed-jasper-9.0.33.jar;d:\maven\repo\org\apache\tomcat\embed\tomcat-embed-core\9.0.33\tomcat-embed-core-9.0.33.jar;d:\maven\repo\org\apache\tomcat\tomcat-annotations-api\9.0.33\tomcat-annotations-api-9.0.33.jar;d:\maven\repo\org\apache\tomcat\embed\tomcat-embed-el\9.0.33\tomcat-embed-el-9.0.33.jar;d:\maven\repo\org\eclipse\jdt\ecj\3.18.0\ecj-3.18.0.jar;d:\maven\repo\org\mybatis\generator\mybatis-generator-maven-plugin\1.3.2\mybatis-generator-maven-plugin-1.3.2.jar;d:\maven\repo\org\apache\maven\maven-plugin-api\3.0.4\maven-plugin-api-3.0.4.jar;d:\maven\repo\org\apache\maven\maven-model\3.0.4\maven-model-3.0.4.jar;d:\maven\repo\org\apache\maven\maven-artifact\3.0.4\maven-artifact-3.0.4.jar;d:\maven\repo\org\sonatype\sisu\sisu-inject-plexus\2.3.0\sisu-inject-plexus-2.3.0.jar;d:\maven\repo\org\codehaus\plexus\plexus-component-annotations\1.5.5\plexus-component-annotations-1.5.5.jar;d:\maven\repo\org\codehaus\plexus\plexus-classworlds\2.4\plexus-classworlds-2.4.jar;d:\maven\repo\org\sonatype\sisu\sisu-inject-bean\2.3.0\sisu-inject-bean-2.3.0.jar;d:\maven\repo\org\sonatype\sisu\sisu-guice\3.1.0\sisu-guice-3.1.0-no_aop.jar;d:\maven\repo\org\sonatype\sisu\sisu-guava\0.9.9\sisu-guava-0.9.9.jar;d:\maven\repo\org\mybatis\generator\mybatis-generator-core\1.3.2\mybatis-generator-core-1.3.2.jar;d:\maven\repo\org\apache\maven\maven-project\3.0-alpha-2\maven-project-3.0-alpha-2.jar;d:\maven\repo\org\codehaus\plexus\plexus-utils\1.5.6\plexus-utils-1.5.6.jar;d:\maven\repo\org\codehaus\plexus\plexus-interpolation\1.1\plexus-interpolation-1.1.jar;d:\maven\repo\org\apache\maven\maven-compat\3.0-alpha-2\maven-compat-3.0-alpha-2.jar;d:\maven\repo\org\apache\maven\wagon\wagon-provider-api\1.0-beta-4\wagon-provider-api-1.0-beta-4.jar;d:\maven\repo\org\codehaus\plexus\plexus-container-default\1.0-beta-3.0.5\plexus-container-default-1.0-beta-3.0.5.jar;d:\maven\repo\org\apache\xbean\xbean-reflect\3.4\xbean-reflect-3.4.jar;d:\maven\repo\log4j\log4j\1.2.12\log4j-1.2.12.jar;d:\maven\repo\commons-logging\commons-logging-api\1.1\commons-logging-api-1.1.jar;d:\maven\repo\com\google\code\google-collections\google-collect\snapshot-20080530\google-collect-snapshot-20080530.jar;d:\maven\repo\junit\junit\4.12\junit-4.12.jar;d:\maven\repo\org\hamcrest\hamcrest-core\2.1\hamcrest-core-2.1.jar;d:\maven\repo\org\codehaus\woodstox\wstx-asl\3.2.6\wstx-asl-3.2.6.jar;d:\maven\repo\stax\stax-api\1.0.1\stax-api-1.0.1.jar;d:\maven\repo\org\sonatype\spice\model-builder\1.3\model-builder-1.3.jar;d:\maven\repo\org\apache\maven\maven-project-builder\3.0-alpha-2\maven-project-builder-3.0-alpha-2.jar;d:\maven\repo\tk\mybatis\mapper-spring-boot-starter\1.2.4\mapper-spring-boot-starter-1.2.4.jar;d:\maven\repo\tk\mybatis\mapper-spring-boot-autoconfigure\1.2.4\mapper-spring-boot-autoconfigure-1.2.4.jar;d:\maven\repo\tk\mybatis\mapper\3.5.3\mapper-3.5.3.jar;d:\maven\repo\javax\persistence\persistence-api\1.0\persistence-api-1.0.jar;d:\maven\repo\com\github\pagehelper\pagehelper-spring-boot-starter\1.2.3\pagehelper-spring-boot-starter-1.2.3.jar;d:\maven\repo\com\github\pagehelper\pagehelper-spring-boot-autoconfigure\1.2.3\pagehelper-spring-boot-autoconfigure-1.2.3.jar;d:\maven\repo\com\github\pagehelper\pagehelper\5.1.2\pagehelper-5.1.2.jar;d:\maven\repo\com\github\jsqlparser\jsqlparser\1.0\jsqlparser-1.0.jar;d:\maven\repo\io\netty\netty-all\4.1.50.Final\netty-all-4.1.50.Final.jar;d:\maven\repo\com\github\tobato\fastdfs-client\1.27.2\fastdfs-client-1.27.2.jar;d:\maven\repo\org\slf4j\slf4j-api\1.7.30\slf4j-api-1.7.30.jar;d:\maven\repo\org\slf4j\jcl-over-slf4j\1.7.30\jcl-over-slf4j-1.7.30.jar;d:\maven\repo\ch\qos\logback\logback-classic\1.2.3\logback-classic-1.2.3.jar;d:\maven\repo\ch\qos\logback\logback-core\1.2.3\logback-core-1.2.3.jar;d:\maven\repo\commons-beanutils\commons-beanutils\1.9.3\commons-beanutils-1.9.3.jar;d:\maven\repo\commons-collections\commons-collections\3.2.2\commons-collections-3.2.2.jar;d:\maven\repo\org\apache\commons\commons-pool2\2.7.0\commons-pool2-2.7.0.jar;d:\maven\repo\org\springframework\spring-core\5.2.5.RELEASE\spring-core-5.2.5.RELEASE.jar;d:\maven\repo\org\springframework\spring-jcl\5.2.5.RELEASE\spring-jcl-5.2.5.RELEASE.jar;d:\maven\repo\org\hibernate\validator\hibernate-validator\6.0.18.Final\hibernate-validator-6.0.18.Final.jar;d:\maven\repo\javax\validation\validation-api\2.0.1.Final\validation-api-2.0.1.Final.jar;d:\maven\repo\org\jboss\logging\jboss-logging\3.4.1.Final\jboss-logging-3.4.1.Final.jar;d:\maven\repo\com\fasterxml\classmate\1.5.1\classmate-1.5.1.jar;d:\maven\repo\org\springframework\spring-context\5.2.5.RELEASE\spring-context-5.2.5.RELEASE.jar;d:\maven\repo\net\coobird\thumbnailator\0.4.8\thumbnailator-0.4.8.jar;d:\maven\repo\commons-codec\commons-codec\1.11\commons-codec-1.11.jar;d:\maven\repo\org\apache\commons\commons-lang3\3.4\commons-lang3-3.4.jar;d:\maven\repo\commons-io\commons-io\1.3.2\commons-io-1.3.2.jar;d:\maven\repo\com\google\zxing\javase\3.3.3\javase-3.3.3.jar;d:\maven\repo\com\google\zxing\core\3.3.3\core-3.3.3.jar;d:\maven\repo\com\beust\jcommander\1.72\jcommander-1.72.jar;d:\maven\repo\com\github\jai-imageio\jai-imageio-core\1.4.0\jai-imageio-core-1.4.0.jar;d:\maven\repo\org\springframework\boot\spring-boot-starter-test\2.2.6.RELEASE\spring-boot-starter-test-2.2.6.RELEASE.jar;d:\maven\repo\org\springframework\boot\spring-boot-test\2.2.6.RELEASE\spring-boot-test-2.2.6.RELEASE.jar;d:\maven\repo\org\springframework\boot\spring-boot-test-autoconfigure\2.2.6.RELEASE\spring-boot-test-autoconfigure-2.2.6.RELEASE.jar;d:\maven\repo\com\jayway\jsonpath\json-path\2.4.0\json-path-2.4.0.jar;d:\maven\repo\net\minidev\json-smart\2.3\json-smart-2.3.jar;d:\maven\repo\net\minidev\accessors-smart\1.2\accessors-smart-1.2.jar;d:\maven\repo\org\ow2\asm\asm\5.0.4\asm-5.0.4.jar;d:\maven\repo\jakarta\xml\bind\jakarta.xml.bind-api\2.3.3\jakarta.xml.bind-api-2.3.3.jar;d:\maven\repo\jakarta\activation\jakarta.activation-api\1.2.2\jakarta.activation-api-1.2.2.jar;d:\maven\repo\org\junit\jupiter\junit-jupiter\5.5.2\junit-jupiter-5.5.2.jar;d:\maven\repo\org\junit\jupiter\junit-jupiter-api\5.5.2\junit-jupiter-api-5.5.2.jar;d:\maven\repo\org\apiguardian\apiguardian-api\1.1.0\apiguardian-api-1.1.0.jar;d:\maven\repo\org\opentest4j\opentest4j\1.2.0\opentest4j-1.2.0.jar;d:\maven\repo\org\junit\platform\junit-platform-commons\1.5.2\junit-platform-commons-1.5.2.jar;d:\maven\repo\org\junit\jupiter\junit-jupiter-params\5.5.2\junit-jupiter-params-5.5.2.jar;d:\maven\repo\org\junit\jupiter\junit-jupiter-engine\5.5.2\junit-jupiter-engine-5.5.2.jar;d:\maven\repo\org\junit\platform\junit-platform-engine\1.5.2\junit-platform-engine-1.5.2.jar;d:\maven\repo\org\mockito\mockito-junit-jupiter\3.1.0\mockito-junit-jupiter-3.1.0.jar;d:\maven\repo\org\assertj\assertj-core\3.13.2\assertj-core-3.13.2.jar;d:\maven\repo\org\hamcrest\hamcrest\2.1\hamcrest-2.1.jar;d:\maven\repo\org\mockito\mockito-core\3.1.0\mockito-core-3.1.0.jar;d:\maven\repo\net\bytebuddy\byte-buddy\1.10.8\byte-buddy-1.10.8.jar;d:\maven\repo\net\bytebuddy\byte-buddy-agent\1.10.8\byte-buddy-agent-1.10.8.jar;d:\maven\repo\org\objenesis\objenesis\2.6\objenesis-2.6.jar;d:\maven\repo\org\skyscreamer\jsonassert\1.5.0\jsonassert-1.5.0.jar;d:\maven\repo\com\vaadin\external\google\android-json\0.0.20131108.vaadin1\android-json-0.0.20131108.vaadin1.jar;d:\maven\repo\org\xmlunit\xmlunit-core\2.6.4\xmlunit-core-2.6.4.jar;d:\maven\repo\org\springframework\spring-test\5.2.5.RELEASE\spring-test-5.2.5.RELEASE.jar;"/>
    <property name="java.vm.vendor" value="Oracle Corporation"/>
    <property name="sun.arch.data.model" value="64"/>
    <property name="user.variant" value=""/>
    <property name="java.vendor.url" value="https://java.oracle.com/"/>
    <property name="user.timezone" value="Asia/Shanghai"/>
    <property name="os.name" value="Windows 10"/>
    <property name="java.vm.specification.version" value="13"/>
    <property name="sun.java.launcher" value="SUN_STANDARD"/>
    <property name="user.country" value="CN"/>
    <property name="sun.boot.library.path" value="C:\Program Files\Java\jdk-13.0.2\bin"/>
    <property name="sun.java.command" value="C:\Users\ADMINI~1\AppData\Local\Temp\surefire17861187391164743353\surefirebooter15940038602341059136.jar C:\Users\Administrator\AppData\Local\Temp\surefire17861187391164743353 2020-06-16T17-43-40_792-jvmRun1 surefire1106993412313474274tmp surefire_012873211894219398546tmp"/>
    <property name="jdk.debug" value="release"/>
    <property name="surefire.test.class.path" value="F:\course\SpringBoot+Netty 仿微信全栈式打造高性能聊天应用\code\im_bird_sys\target\test-classes;F:\course\SpringBoot+Netty 仿微信全栈式打造高性能聊天应用\code\im_bird_sys\target\classes;d:\maven\repo\org\springframework\boot\spring-boot-starter-web\2.2.6.RELEASE\spring-boot-starter-web-2.2.6.RELEASE.jar;d:\maven\repo\org\springframework\boot\spring-boot-starter\2.2.6.RELEASE\spring-boot-starter-2.2.6.RELEASE.jar;d:\maven\repo\org\springframework\boot\spring-boot-starter-logging\2.2.6.RELEASE\spring-boot-starter-logging-2.2.6.RELEASE.jar;d:\maven\repo\org\apache\logging\log4j\log4j-to-slf4j\2.12.1\log4j-to-slf4j-2.12.1.jar;d:\maven\repo\org\apache\logging\log4j\log4j-api\2.12.1\log4j-api-2.12.1.jar;d:\maven\repo\org\slf4j\jul-to-slf4j\1.7.30\jul-to-slf4j-1.7.30.jar;d:\maven\repo\jakarta\annotation\jakarta.annotation-api\1.3.5\jakarta.annotation-api-1.3.5.jar;d:\maven\repo\org\yaml\snakeyaml\1.25\snakeyaml-1.25.jar;d:\maven\repo\org\springframework\boot\spring-boot-starter-json\2.2.6.RELEASE\spring-boot-starter-json-2.2.6.RELEASE.jar;d:\maven\repo\com\fasterxml\jackson\core\jackson-databind\2.10.3\jackson-databind-2.10.3.jar;d:\maven\repo\com\fasterxml\jackson\core\jackson-annotations\2.10.3\jackson-annotations-2.10.3.jar;d:\maven\repo\com\fasterxml\jackson\core\jackson-core\2.10.3\jackson-core-2.10.3.jar;d:\maven\repo\com\fasterxml\jackson\datatype\jackson-datatype-jdk8\2.10.3\jackson-datatype-jdk8-2.10.3.jar;d:\maven\repo\com\fasterxml\jackson\datatype\jackson-datatype-jsr310\2.10.3\jackson-datatype-jsr310-2.10.3.jar;d:\maven\repo\com\fasterxml\jackson\module\jackson-module-parameter-names\2.10.3\jackson-module-parameter-names-2.10.3.jar;d:\maven\repo\org\springframework\boot\spring-boot-starter-validation\2.2.6.RELEASE\spring-boot-starter-validation-2.2.6.RELEASE.jar;d:\maven\repo\jakarta\validation\jakarta.validation-api\2.0.2\jakarta.validation-api-2.0.2.jar;d:\maven\repo\org\springframework\spring-web\5.2.5.RELEASE\spring-web-5.2.5.RELEASE.jar;d:\maven\repo\org\springframework\spring-beans\5.2.5.RELEASE\spring-beans-5.2.5.RELEASE.jar;d:\maven\repo\org\springframework\spring-webmvc\5.2.5.RELEASE\spring-webmvc-5.2.5.RELEASE.jar;d:\maven\repo\org\springframework\spring-aop\5.2.5.RELEASE\spring-aop-5.2.5.RELEASE.jar;d:\maven\repo\org\springframework\spring-expression\5.2.5.RELEASE\spring-expression-5.2.5.RELEASE.jar;d:\maven\repo\org\mybatis\spring\boot\mybatis-spring-boot-starter\2.1.2\mybatis-spring-boot-starter-2.1.2.jar;d:\maven\repo\org\springframework\boot\spring-boot-starter-jdbc\2.2.6.RELEASE\spring-boot-starter-jdbc-2.2.6.RELEASE.jar;d:\maven\repo\com\zaxxer\HikariCP\3.4.2\HikariCP-3.4.2.jar;d:\maven\repo\org\springframework\spring-jdbc\5.2.5.RELEASE\spring-jdbc-5.2.5.RELEASE.jar;d:\maven\repo\org\springframework\spring-tx\5.2.5.RELEASE\spring-tx-5.2.5.RELEASE.jar;d:\maven\repo\org\mybatis\spring\boot\mybatis-spring-boot-autoconfigure\2.1.2\mybatis-spring-boot-autoconfigure-2.1.2.jar;d:\maven\repo\org\mybatis\mybatis\3.5.4\mybatis-3.5.4.jar;d:\maven\repo\org\mybatis\mybatis-spring\2.0.4\mybatis-spring-2.0.4.jar;d:\maven\repo\mysql\mysql-connector-java\8.0.19\mysql-connector-java-8.0.19.jar;d:\maven\repo\com\alibaba\druid\1.1.21\druid-1.1.21.jar;d:\maven\repo\org\springframework\boot\spring-boot-devtools\2.2.6.RELEASE\spring-boot-devtools-2.2.6.RELEASE.jar;d:\maven\repo\org\springframework\boot\spring-boot\2.2.6.RELEASE\spring-boot-2.2.6.RELEASE.jar;d:\maven\repo\org\springframework\boot\spring-boot-autoconfigure\2.2.6.RELEASE\spring-boot-autoconfigure-2.2.6.RELEASE.jar;d:\maven\repo\javax\servlet\javax.servlet-api\4.0.1\javax.servlet-api-4.0.1.jar;d:\maven\repo\javax\servlet\jstl\1.2\jstl-1.2.jar;d:\maven\repo\org\apache\tomcat\embed\tomcat-embed-jasper\9.0.33\tomcat-embed-jasper-9.0.33.jar;d:\maven\repo\org\apache\tomcat\embed\tomcat-embed-core\9.0.33\tomcat-embed-core-9.0.33.jar;d:\maven\repo\org\apache\tomcat\tomcat-annotations-api\9.0.33\tomcat-annotations-api-9.0.33.jar;d:\maven\repo\org\apache\tomcat\embed\tomcat-embed-el\9.0.33\tomcat-embed-el-9.0.33.jar;d:\maven\repo\org\eclipse\jdt\ecj\3.18.0\ecj-3.18.0.jar;d:\maven\repo\org\mybatis\generator\mybatis-generator-maven-plugin\1.3.2\mybatis-generator-maven-plugin-1.3.2.jar;d:\maven\repo\org\apache\maven\maven-plugin-api\3.0.4\maven-plugin-api-3.0.4.jar;d:\maven\repo\org\apache\maven\maven-model\3.0.4\maven-model-3.0.4.jar;d:\maven\repo\org\apache\maven\maven-artifact\3.0.4\maven-artifact-3.0.4.jar;d:\maven\repo\org\sonatype\sisu\sisu-inject-plexus\2.3.0\sisu-inject-plexus-2.3.0.jar;d:\maven\repo\org\codehaus\plexus\plexus-component-annotations\1.5.5\plexus-component-annotations-1.5.5.jar;d:\maven\repo\org\codehaus\plexus\plexus-classworlds\2.4\plexus-classworlds-2.4.jar;d:\maven\repo\org\sonatype\sisu\sisu-inject-bean\2.3.0\sisu-inject-bean-2.3.0.jar;d:\maven\repo\org\sonatype\sisu\sisu-guice\3.1.0\sisu-guice-3.1.0-no_aop.jar;d:\maven\repo\org\sonatype\sisu\sisu-guava\0.9.9\sisu-guava-0.9.9.jar;d:\maven\repo\org\mybatis\generator\mybatis-generator-core\1.3.2\mybatis-generator-core-1.3.2.jar;d:\maven\repo\org\apache\maven\maven-project\3.0-alpha-2\maven-project-3.0-alpha-2.jar;d:\maven\repo\org\codehaus\plexus\plexus-utils\1.5.6\plexus-utils-1.5.6.jar;d:\maven\repo\org\codehaus\plexus\plexus-interpolation\1.1\plexus-interpolation-1.1.jar;d:\maven\repo\org\apache\maven\maven-compat\3.0-alpha-2\maven-compat-3.0-alpha-2.jar;d:\maven\repo\org\apache\maven\wagon\wagon-provider-api\1.0-beta-4\wagon-provider-api-1.0-beta-4.jar;d:\maven\repo\org\codehaus\plexus\plexus-container-default\1.0-beta-3.0.5\plexus-container-default-1.0-beta-3.0.5.jar;d:\maven\repo\org\apache\xbean\xbean-reflect\3.4\xbean-reflect-3.4.jar;d:\maven\repo\log4j\log4j\1.2.12\log4j-1.2.12.jar;d:\maven\repo\commons-logging\commons-logging-api\1.1\commons-logging-api-1.1.jar;d:\maven\repo\com\google\code\google-collections\google-collect\snapshot-20080530\google-collect-snapshot-20080530.jar;d:\maven\repo\junit\junit\4.12\junit-4.12.jar;d:\maven\repo\org\hamcrest\hamcrest-core\2.1\hamcrest-core-2.1.jar;d:\maven\repo\org\codehaus\woodstox\wstx-asl\3.2.6\wstx-asl-3.2.6.jar;d:\maven\repo\stax\stax-api\1.0.1\stax-api-1.0.1.jar;d:\maven\repo\org\sonatype\spice\model-builder\1.3\model-builder-1.3.jar;d:\maven\repo\org\apache\maven\maven-project-builder\3.0-alpha-2\maven-project-builder-3.0-alpha-2.jar;d:\maven\repo\tk\mybatis\mapper-spring-boot-starter\1.2.4\mapper-spring-boot-starter-1.2.4.jar;d:\maven\repo\tk\mybatis\mapper-spring-boot-autoconfigure\1.2.4\mapper-spring-boot-autoconfigure-1.2.4.jar;d:\maven\repo\tk\mybatis\mapper\3.5.3\mapper-3.5.3.jar;d:\maven\repo\javax\persistence\persistence-api\1.0\persistence-api-1.0.jar;d:\maven\repo\com\github\pagehelper\pagehelper-spring-boot-starter\1.2.3\pagehelper-spring-boot-starter-1.2.3.jar;d:\maven\repo\com\github\pagehelper\pagehelper-spring-boot-autoconfigure\1.2.3\pagehelper-spring-boot-autoconfigure-1.2.3.jar;d:\maven\repo\com\github\pagehelper\pagehelper\5.1.2\pagehelper-5.1.2.jar;d:\maven\repo\com\github\jsqlparser\jsqlparser\1.0\jsqlparser-1.0.jar;d:\maven\repo\io\netty\netty-all\4.1.50.Final\netty-all-4.1.50.Final.jar;d:\maven\repo\com\github\tobato\fastdfs-client\1.27.2\fastdfs-client-1.27.2.jar;d:\maven\repo\org\slf4j\slf4j-api\1.7.30\slf4j-api-1.7.30.jar;d:\maven\repo\org\slf4j\jcl-over-slf4j\1.7.30\jcl-over-slf4j-1.7.30.jar;d:\maven\repo\ch\qos\logback\logback-classic\1.2.3\logback-classic-1.2.3.jar;d:\maven\repo\ch\qos\logback\logback-core\1.2.3\logback-core-1.2.3.jar;d:\maven\repo\commons-beanutils\commons-beanutils\1.9.3\commons-beanutils-1.9.3.jar;d:\maven\repo\commons-collections\commons-collections\3.2.2\commons-collections-3.2.2.jar;d:\maven\repo\org\apache\commons\commons-pool2\2.7.0\commons-pool2-2.7.0.jar;d:\maven\repo\org\springframework\spring-core\5.2.5.RELEASE\spring-core-5.2.5.RELEASE.jar;d:\maven\repo\org\springframework\spring-jcl\5.2.5.RELEASE\spring-jcl-5.2.5.RELEASE.jar;d:\maven\repo\org\hibernate\validator\hibernate-validator\6.0.18.Final\hibernate-validator-6.0.18.Final.jar;d:\maven\repo\javax\validation\validation-api\2.0.1.Final\validation-api-2.0.1.Final.jar;d:\maven\repo\org\jboss\logging\jboss-logging\3.4.1.Final\jboss-logging-3.4.1.Final.jar;d:\maven\repo\com\fasterxml\classmate\1.5.1\classmate-1.5.1.jar;d:\maven\repo\org\springframework\spring-context\5.2.5.RELEASE\spring-context-5.2.5.RELEASE.jar;d:\maven\repo\net\coobird\thumbnailator\0.4.8\thumbnailator-0.4.8.jar;d:\maven\repo\commons-codec\commons-codec\1.11\commons-codec-1.11.jar;d:\maven\repo\org\apache\commons\commons-lang3\3.4\commons-lang3-3.4.jar;d:\maven\repo\commons-io\commons-io\1.3.2\commons-io-1.3.2.jar;d:\maven\repo\com\google\zxing\javase\3.3.3\javase-3.3.3.jar;d:\maven\repo\com\google\zxing\core\3.3.3\core-3.3.3.jar;d:\maven\repo\com\beust\jcommander\1.72\jcommander-1.72.jar;d:\maven\repo\com\github\jai-imageio\jai-imageio-core\1.4.0\jai-imageio-core-1.4.0.jar;d:\maven\repo\org\springframework\boot\spring-boot-starter-test\2.2.6.RELEASE\spring-boot-starter-test-2.2.6.RELEASE.jar;d:\maven\repo\org\springframework\boot\spring-boot-test\2.2.6.RELEASE\spring-boot-test-2.2.6.RELEASE.jar;d:\maven\repo\org\springframework\boot\spring-boot-test-autoconfigure\2.2.6.RELEASE\spring-boot-test-autoconfigure-2.2.6.RELEASE.jar;d:\maven\repo\com\jayway\jsonpath\json-path\2.4.0\json-path-2.4.0.jar;d:\maven\repo\net\minidev\json-smart\2.3\json-smart-2.3.jar;d:\maven\repo\net\minidev\accessors-smart\1.2\accessors-smart-1.2.jar;d:\maven\repo\org\ow2\asm\asm\5.0.4\asm-5.0.4.jar;d:\maven\repo\jakarta\xml\bind\jakarta.xml.bind-api\2.3.3\jakarta.xml.bind-api-2.3.3.jar;d:\maven\repo\jakarta\activation\jakarta.activation-api\1.2.2\jakarta.activation-api-1.2.2.jar;d:\maven\repo\org\junit\jupiter\junit-jupiter\5.5.2\junit-jupiter-5.5.2.jar;d:\maven\repo\org\junit\jupiter\junit-jupiter-api\5.5.2\junit-jupiter-api-5.5.2.jar;d:\maven\repo\org\apiguardian\apiguardian-api\1.1.0\apiguardian-api-1.1.0.jar;d:\maven\repo\org\opentest4j\opentest4j\1.2.0\opentest4j-1.2.0.jar;d:\maven\repo\org\junit\platform\junit-platform-commons\1.5.2\junit-platform-commons-1.5.2.jar;d:\maven\repo\org\junit\jupiter\junit-jupiter-params\5.5.2\junit-jupiter-params-5.5.2.jar;d:\maven\repo\org\junit\jupiter\junit-jupiter-engine\5.5.2\junit-jupiter-engine-5.5.2.jar;d:\maven\repo\org\junit\platform\junit-platform-engine\1.5.2\junit-platform-engine-1.5.2.jar;d:\maven\repo\org\mockito\mockito-junit-jupiter\3.1.0\mockito-junit-jupiter-3.1.0.jar;d:\maven\repo\org\assertj\assertj-core\3.13.2\assertj-core-3.13.2.jar;d:\maven\repo\org\hamcrest\hamcrest\2.1\hamcrest-2.1.jar;d:\maven\repo\org\mockito\mockito-core\3.1.0\mockito-core-3.1.0.jar;d:\maven\repo\net\bytebuddy\byte-buddy\1.10.8\byte-buddy-1.10.8.jar;d:\maven\repo\net\bytebuddy\byte-buddy-agent\1.10.8\byte-buddy-agent-1.10.8.jar;d:\maven\repo\org\objenesis\objenesis\2.6\objenesis-2.6.jar;d:\maven\repo\org\skyscreamer\jsonassert\1.5.0\jsonassert-1.5.0.jar;d:\maven\repo\com\vaadin\external\google\android-json\0.0.20131108.vaadin1\android-json-0.0.20131108.vaadin1.jar;d:\maven\repo\org\xmlunit\xmlunit-core\2.6.4\xmlunit-core-2.6.4.jar;d:\maven\repo\org\springframework\spring-test\5.2.5.RELEASE\spring-test-5.2.5.RELEASE.jar;"/>
    <property name="sun.cpu.endian" value="little"/>
    <property name="user.home" value="C:\Users\Administrator"/>
    <property name="user.language" value="zh"/>
    <property name="java.specification.vendor" value="Oracle Corporation"/>
    <property name="java.version.date" value="2020-01-14"/>
    <property name="java.home" value="C:\Program Files\Java\jdk-13.0.2"/>
    <property name="file.separator" value="\"/>
    <property name="basedir" value="F:\course\SpringBoot+Netty 仿微信全栈式打造高性能聊天应用\code\im_bird_sys"/>
    <property name="java.vm.compressedOopsMode" value="32-bit"/>
    <property name="line.separator" value="&#10;"/>
    <property name="java.vm.specification.vendor" value="Oracle Corporation"/>
    <property name="java.specification.name" value="Java Platform API Specification"/>
    <property name="surefire.real.class.path" value="C:\Users\ADMINI~1\AppData\Local\Temp\surefire17861187391164743353\surefirebooter15940038602341059136.jar"/>
    <property name="user.script" value=""/>
    <property name="sun.management.compiler" value="HotSpot 64-Bit Tiered Compilers"/>
    <property name="java.runtime.version" value="13.0.2+8"/>
    <property name="user.name" value="Administrator"/>
    <property name="path.separator" value=";"/>
    <property name="os.version" value="10.0"/>
    <property name="java.runtime.name" value="Java(TM) SE Runtime Environment"/>
    <property name="file.encoding" value="GBK"/>
    <property name="java.vm.name" value="Java HotSpot(TM) 64-Bit Server VM"/>
    <property name="localRepository" value="d:\maven\repo"/>
    <property name="java.vendor.url.bug" value="https://bugreport.java.com/bugreport/"/>
    <property name="java.io.tmpdir" value="C:\Users\ADMINI~1\AppData\Local\Temp\"/>
    <property name="java.version" value="13.0.2"/>
    <property name="user.dir" value="F:\course\SpringBoot+Netty 仿微信全栈式打造高性能聊天应用\code\im_bird_sys"/>
    <property name="os.arch" value="amd64"/>
    <property name="java.vm.specification.name" value="Java Virtual Machine Specification"/>
    <property name="sun.os.patch.level" value=""/>
    <property name="idea.version2019.3.3" value="true"/>
    <property name="java.library.path" value="C:\Program Files\Java\jdk-13.0.2\bin;C:\WINDOWS\Sun\Java\bin;C:\WINDOWS\system32;C:\WINDOWS;D:\;.;C:\Program Files\Java\jdk-13.0.2\bin;C:\Program Files (x86)\Common Files\Intel\Shared Libraries\redist\intel64\compiler;C:\Windows\system32;C:\Windows;C:\Windows\System32\Wbem;C:\Windows\System32\WindowsPowerShell\v1.0\;C:\Program Files (x86)\NVIDIA Corporation\PhysX\Common;C:\Program Files\Common Files\Autodesk Shared\;D:\mysql\bin;D:\apache-maven-3.6.3\bin;D:\redis;C:\WINDOWS\system32;C:\WINDOWS;C:\WINDOWS\System32\Wbem;C:\WINDOWS\System32\WindowsPowerShell\v1.0\;C:\WINDOWS\System32\OpenSSH\;D:\apache-tomcat-9.0.33\bin;F:\BaiduNetdiskDownload\bin;.;C:\Program Files\Java\jdk-13.0.2\bin;C:\Program Files (x86)\Common Files\Intel\Shared Libraries\redist\intel64\compiler;C:\Windows\system32;C:\Windows;C:\Windows\System32\Wbem;C:\Windows\System32\WindowsPowerShell\v1.0\;C:\Program Files (x86)\NVIDIA Corporation\PhysX\Common;C:\Program Files\Common Files\Autodesk Shared\;D:\mysql\bin;D:\apache-maven-3.6.3\bin;D:\redis;C:\Program Files\Java\jdk1.8.0_144\bin;C:\Program Files (x86)\QuickTime\QTSystem\;C:\Users\Administrator\AppData\Local\Microsoft\WindowsApps;C:\Users\Administrator\AppData\Local\Microsoft\WindowsApps;;."/>
    <property name="java.vm.info" value="mixed mode, sharing"/>
    <property name="java.vendor" value="Oracle Corporation"/>
    <property name="java.vm.version" value="13.0.2+8"/>
    <property name="sun.io.unicode.encoding" value="UnicodeLittle"/>
    <property name="java.class.version" value="57.0"/>
  </properties>
  <testcase name="contextLoads" classname="org.wdzl.ImBirdSysApplicationTests" time="0.439"/>
</testsuite>